app/build/intermediates/manifest_merge_blame_file/release/manifest-merger-blame-release-report.txt
1<?xml version="1.0" encoding="utf-8"?>
2<manifest xmlns:android="http://schemas.android.com/apk/res/android"
3    package="com.example.sheetapp"
4    android:versionCode="1"
5    android:versionName="1.0" >
6
7    <uses-sdk
8        android:minSdkVersion="23"
8-->src\main\AndroidManifest.xml
9        android:targetSdkVersion="32" />
9-->src\main\AndroidManifest.xml
10
11    <application
11-->src\main\AndroidManifest.xml:6:5-47:19
12        android:allowBackup="true"
12-->src\main\AndroidManifest.xml:7:9-35
13        android:appComponentFactory="androidx.core.app.CoreComponentFactory"
13-->[androidx.core:core:1.7.0] AndroidManifest.xml:24:18-86
14        android:dataExtractionRules="@xml/data_extraction_rules"
14-->src\main\AndroidManifest.xml:8:9-65
15        android:extractNativeLibs="false"
16        android:fullBackupContent="@xml/backup_rules"
16-->src\main\AndroidManifest.xml:9:9-54
17        android:icon="@mipmap/ic_launcher"
17-->src\main\AndroidManifest.xml:10:9-43
18        android:label="@string/app_name"
18-->src\main\AndroidManifest.xml:11:9-41
19        android:roundIcon="@mipmap/ic_launcher_round"
19-->src\main\AndroidManifest.xml:12:9-54
20        android:supportsRtl="true"
20-->src\main\AndroidManifest.xml:13:9-35
21        android:theme="@style/Theme.Sheetapp" >
21-->src\main\AndroidManifest.xml:14:9-46
22        <activity
22-->src\main\AndroidManifest.xml:16:9-18:40
23            android:name="com.example.sheetapp.failed"
23-->src\main\AndroidManifest.xml:17:13-35
24            android:exported="false" />
24-->src\main\AndroidManifest.xml:18:13-37
25        <activity
25-->src\main\AndroidManifest.xml:19:9-21:40
26            android:name="com.example.sheetapp.Student_finish"
26-->src\main\AndroidManifest.xml:20:13-43
27            android:exported="false" />
27-->src\main\AndroidManifest.xml:21:13-37
28        <activity
28-->src\main\AndroidManifest.xml:22:9-24:40
29            android:name="com.example.sheetapp.Student_page"
29-->src\main\AndroidManifest.xml:23:13-41
30            android:exported="false" />
30-->src\main\AndroidManifest.xml:24:13-37
31        <activity
31-->src\main\AndroidManifest.xml:25:9-27:40
32            android:name="com.example.sheetapp.studentPage"
32-->src\main\AndroidManifest.xml:26:13-40
33            android:exported="false" />
33-->src\main\AndroidManifest.xml:27:13-37
34        <activity
34-->src\main\AndroidManifest.xml:28:9-30:40
35            android:name="com.example.sheetapp.Teacherfinish"
35-->src\main\AndroidManifest.xml:29:13-42
36            android:exported="false" />
36-->src\main\AndroidManifest.xml:30:13-37
37        <activity
37-->src\main\AndroidManifest.xml:31:9-33:40
38            android:name="com.example.sheetapp.teacherpage"
38-->src\main\AndroidManifest.xml:32:13-40
39            android:exported="false" />
39-->src\main\AndroidManifest.xml:33:13-37
40        <activity
40-->src\main\AndroidManifest.xml:34:9-36:40
41            android:name="com.example.sheetapp.id_show"
41-->src\main\AndroidManifest.xml:35:13-36
42            android:exported="false" />
42-->src\main\AndroidManifest.xml:36:13-37
43        <activity
43-->src\main\AndroidManifest.xml:37:9-45:20
44            android:name="com.example.sheetapp.LoginActivity"
44-->src\main\AndroidManifest.xml:38:13-42
45            android:exported="true" >
45-->src\main\AndroidManifest.xml:39:13-36
46            <intent-filter>
46-->src\main\AndroidManifest.xml:40:13-44:29
47                <action android:name="android.intent.action.MAIN" />
47-->src\main\AndroidManifest.xml:41:17-69
47-->src\main\AndroidManifest.xml:41:25-66
48
49                <category android:name="android.intent.category.LAUNCHER" />
49-->src\main\AndroidManifest.xml:43:17-77
49-->src\main\AndroidManifest.xml:43:27-74
50            </intent-filter>
51        </activity>
52        <activity android:name="com.example.sheetapp.RegisterActivity" />
52-->src\main\AndroidManifest.xml:46:9-54
52-->src\main\AndroidManifest.xml:46:19-51
53
54        <provider
54-->[androidx.emoji2:emoji2:1.0.0] AndroidManifest.xml:26:9-34:20
55            android:name="androidx.startup.InitializationProvider"
55-->[androidx.emoji2:emoji2:1.0.0] AndroidManifest.xml:27:13-67
56            android:authorities="com.example.sheetapp.androidx-startup"
56-->[androidx.emoji2:emoji2:1.0.0] AndroidManifest.xml:28:13-68
57            android:exported="false" >
57-->[androidx.emoji2:emoji2:1.0.0] AndroidManifest.xml:29:13-37
58            <meta-data
58-->[androidx.emoji2:emoji2:1.0.0] AndroidManifest.xml:31:13-33:52
59                android:name="androidx.emoji2.text.EmojiCompatInitializer"
59-->[androidx.emoji2:emoji2:1.0.0] AndroidManifest.xml:32:17-75
60                android:value="androidx.startup" />
60-->[androidx.emoji2:emoji2:1.0.0] AndroidManifest.xml:33:17-49
61            <meta-data
61-->[androidx.lifecycle:lifecycle-process:2.4.0] AndroidManifest.xml:31:13-33:52
62                android:name="androidx.lifecycle.ProcessLifecycleInitializer"
62-->[androidx.lifecycle:lifecycle-process:2.4.0] AndroidManifest.xml:32:17-78
63                android:value="androidx.startup" />
63-->[androidx.lifecycle:lifecycle-process:2.4.0] AndroidManifest.xml:33:17-49
64        </provider>
65    </application>
66
67</manifest>